<?xml version="1.0" encoding="UTF-8"?>
<!-- Generated by org.testng.reporters.JUnitXMLReporter -->
<testsuite ignored="0" hostname="LTIN192705" failures="1" tests="19" name="Test" time="407.993" errors="0" timestamp="2024-02-28T18:08:22 IST">
  <testcase classname="Test_Cases.Finding_Hospitals" name="Search_City" time="11.171"/>
  <testcase classname="Test_Cases.Finding_Hospitals" name="Search_Dentists" time="26.298"/>
  <testcase classname="Test_Cases.Finding_Hospitals" name="select_PatientStories" time="2.688"/>
  <testcase classname="Test_Cases.Finding_Hospitals" name="select_Experience" time="2.496"/>
  <testcase classname="Test_Cases.Finding_Hospitals" name="applyFilters" time="2.455"/>
  <testcase classname="Test_Cases.Finding_Hospitals" name="applyFilters_1" time="2.816"/>
  <testcase classname="Test_Cases.Finding_Hospitals" name="applyFilters_2" time="4.437"/>
  <testcase classname="Test_Cases.Finding_Hospitals" name="get_DoctorDetails" time="88.958"/>
  <testcase classname="Test_Cases.Finding_Hospitals" name="navigateToSurgeries" time="2.175"/>
  <testcase classname="Test_Cases.Finding_Hospitals" name="ScrollToSurgeries" time="0.043"/>
  <testcase classname="Test_Cases.Finding_Hospitals" name="sugeryNames" time="1.929"/>
  <testcase classname="Test_Cases.Finding_Hospitals" name="ScrollToTop" time="0.052"/>
  <testcase classname="Test_Cases.Finding_Hospitals" name="navigatioToHealth_Page" time="23.552"/>
  <testcase classname="Test_Cases.Finding_Hospitals" name="scrollToDemoBtn" time="0.202"/>
  <testcase classname="Test_Cases.Finding_Hospitals" name="verifyDemoBtn_1" time="1.249"/>
  <testcase classname="Test_Cases.Finding_Hospitals" name="ClickDemoBtn" time="0.21"/>
  <testcase classname="Test_Cases.Finding_Hospitals" name="ClearingData" time="0.606"/>
  <testcase classname="Test_Cases.Finding_Hospitals" name="verifyDemoBtn_2" time="4.436"/>
  <testcase classname="Test_Cases.Finding_Hospitals" name="Verify_ResultMsg" time="83.467">
    <failure type="java.lang.AssertionError" message="null">
      <![CDATA[java.lang.AssertionError: null
at Test_Cases.Finding_Hospitals.Verify_ResultMsg(Finding_Hospitals.java:348)
at java.base/java.util.ArrayList.forEach(ArrayList.java:1511)
... Removed 29 stack frames]]>
    </failure>
  </testcase> <!-- Verify_ResultMsg -->
</testsuite> <!-- Test -->
