<?xml version="1.0" encoding="UTF-8"?>
<!-- Generated by org.testng.reporters.JUnitXMLReporter -->
<testsuite ignored="0" hostname="LTIN275801" failures="1" tests="19" name="Test_1" time="138.249" errors="0" timestamp="2024-02-27T21:28:55 IST">
  <testcase classname="Test_Cases.Finding_Hospitals" name="Search_City" time="11.075"/>
  <testcase classname="Test_Cases.Finding_Hospitals" name="Search_Dentists" time="5.019"/>
  <testcase classname="Test_Cases.Finding_Hospitals" name="select_PatientStories" time="2.407"/>
  <testcase classname="Test_Cases.Finding_Hospitals" name="select_Experience" time="2.283"/>
  <testcase classname="Test_Cases.Finding_Hospitals" name="applyFilters" time="2.317"/>
  <testcase classname="Test_Cases.Finding_Hospitals" name="applyFilters_1" time="2.227"/>
  <testcase classname="Test_Cases.Finding_Hospitals" name="applyFilters_2" time="4.564"/>
  <testcase classname="Test_Cases.Finding_Hospitals" name="get_DoctorDetails" time="31.777"/>
  <testcase classname="Test_Cases.Finding_Hospitals" name="navigateToSurgeries" time="1.134"/>
  <testcase classname="Test_Cases.Finding_Hospitals" name="ScrollToSurgeries" time="0.188"/>
  <testcase classname="Test_Cases.Finding_Hospitals" name="sugeryNames" time="1.501"/>
  <testcase classname="Test_Cases.Finding_Hospitals" name="ScrollToTop" time="0.048"/>
  <testcase classname="Test_Cases.Finding_Hospitals" name="navigatioToHealth_Page" time="8.766"/>
  <testcase classname="Test_Cases.Finding_Hospitals" name="scrollToDemoBtn" time="0.169"/>
  <testcase classname="Test_Cases.Finding_Hospitals" name="verifyDemoBtn_1" time="1.24"/>
  <testcase classname="Test_Cases.Finding_Hospitals" name="ClickDemoBtn" time="0.246"/>
  <testcase classname="Test_Cases.Finding_Hospitals" name="ClearingData" time="0.611"/>
  <testcase classname="Test_Cases.Finding_Hospitals" name="verifyDemoBtn_2" time="2.801"/>
  <testcase classname="Test_Cases.Finding_Hospitals" name="Verify_ResultMsg" time="41.078">
    <failure type="java.lang.AssertionError" message="null">
      <![CDATA[java.lang.AssertionError: null
at Test_Cases.Finding_Hospitals.Verify_ResultMsg(Finding_Hospitals.java:347)
at java.base/java.util.ArrayList.forEach(ArrayList.java:1511)
... Removed 29 stack frames]]>
    </failure>
  </testcase> <!-- Verify_ResultMsg -->
</testsuite> <!-- Test_1 -->
