<?xml version="1.0" encoding="UTF-8"?>
<!-- Generated by org.testng.reporters.JUnitReportReporter -->
<testsuite hostname="LTIN192705" failures="1" tests="19" name="Test_Cases.Finding_Hospitals" time="259.240" errors="0" timestamp="2024-02-28T18:08:23 IST" skipped="0">
  <testcase classname="Test_Cases.Finding_Hospitals" name="Search_City" time="11.171"/>
  <testcase classname="Test_Cases.Finding_Hospitals" name="Search_Dentists" time="26.298"/>
  <testcase classname="Test_Cases.Finding_Hospitals" name="select_PatientStories" time="2.688"/>
  <testcase classname="Test_Cases.Finding_Hospitals" name="select_Experience" time="2.496"/>
  <testcase classname="Test_Cases.Finding_Hospitals" name="applyFilters" time="2.455"/>
  <testcase classname="Test_Cases.Finding_Hospitals" name="applyFilters_1" time="2.816"/>
  <testcase classname="Test_Cases.Finding_Hospitals" name="applyFilters_2" time="4.437"/>
  <testcase classname="Test_Cases.Finding_Hospitals" name="get_DoctorDetails" time="88.958"/>
  <testcase classname="Test_Cases.Finding_Hospitals" name="navigateToSurgeries" time="2.175"/>
  <testcase classname="Test_Cases.Finding_Hospitals" name="ScrollToSurgeries" time="0.043"/>
  <testcase classname="Test_Cases.Finding_Hospitals" name="sugeryNames" time="1.929"/>
  <testcase classname="Test_Cases.Finding_Hospitals" name="ScrollToTop" time="0.052"/>
  <testcase classname="Test_Cases.Finding_Hospitals" name="navigatioToHealth_Page" time="23.552"/>
  <testcase classname="Test_Cases.Finding_Hospitals" name="scrollToDemoBtn" time="0.202"/>
  <testcase classname="Test_Cases.Finding_Hospitals" name="verifyDemoBtn_1" time="1.249"/>
  <testcase classname="Test_Cases.Finding_Hospitals" name="ClickDemoBtn" time="0.210"/>
  <testcase classname="Test_Cases.Finding_Hospitals" name="ClearingData" time="0.606"/>
  <testcase classname="Test_Cases.Finding_Hospitals" name="verifyDemoBtn_2" time="4.436"/>
  <testcase classname="Test_Cases.Finding_Hospitals" name="Verify_ResultMsg" time="83.467">
    <failure message="null" type="java.lang.AssertionError">
      <![CDATA[java.lang.AssertionError: null
at org.testng.Assert.fail(Assert.java:111)
at org.testng.Assert.fail(Assert.java:116)
at Test_Cases.Finding_Hospitals.Verify_ResultMsg(Finding_Hospitals.java:348)
at java.base/jdk.internal.reflect.NativeMethodAccessorImpl.invoke0(Native Method)
at java.base/jdk.internal.reflect.NativeMethodAccessorImpl.invoke(NativeMethodAccessorImpl.java:77)
at java.base/jdk.internal.reflect.DelegatingMethodAccessorImpl.invoke(DelegatingMethodAccessorImpl.java:43)
at java.base/java.lang.reflect.Method.invoke(Method.java:568)
at org.testng.internal.invokers.MethodInvocationHelper.invokeMethod(MethodInvocationHelper.java:139)
at org.testng.internal.invokers.TestInvoker.invokeMethod(TestInvoker.java:664)
at org.testng.internal.invokers.TestInvoker.invokeTestMethod(TestInvoker.java:228)
at org.testng.internal.invokers.MethodRunner.runInSequence(MethodRunner.java:63)
at org.testng.internal.invokers.TestInvoker$MethodInvocationAgent.invoke(TestInvoker.java:961)
at org.testng.internal.invokers.TestInvoker.invokeTestMethods(TestInvoker.java:201)
at org.testng.internal.invokers.TestMethodWorker.invokeTestMethods(TestMethodWorker.java:148)
at org.testng.internal.invokers.TestMethodWorker.run(TestMethodWorker.java:128)
at java.base/java.util.ArrayList.forEach(ArrayList.java:1511)
at org.testng.TestRunner.privateRun(TestRunner.java:819)
at org.testng.TestRunner.run(TestRunner.java:619)
at org.testng.SuiteRunner.runTest(SuiteRunner.java:443)
at org.testng.SuiteRunner.runSequentially(SuiteRunner.java:437)
at org.testng.SuiteRunner.privateRun(SuiteRunner.java:397)
at org.testng.SuiteRunner.run(SuiteRunner.java:336)
at org.testng.SuiteRunnerWorker.runSuite(SuiteRunnerWorker.java:52)
at org.testng.SuiteRunnerWorker.run(SuiteRunnerWorker.java:95)
at org.testng.TestNG.runSuitesSequentially(TestNG.java:1301)
at org.testng.TestNG.runSuitesLocally(TestNG.java:1228)
at org.testng.TestNG.runSuites(TestNG.java:1134)
at org.testng.TestNG.run(TestNG.java:1101)
at org.testng.remote.AbstractRemoteTestNG.run(AbstractRemoteTestNG.java:115)
at org.testng.remote.RemoteTestNG.initAndRun(RemoteTestNG.java:251)
at org.testng.remote.RemoteTestNG.main(RemoteTestNG.java:77)
]]>
    </failure>
  </testcase> <!-- Verify_ResultMsg -->
</testsuite> <!-- Test_Cases.Finding_Hospitals -->
